<?xml version="1.0" encoding="UTF-8"?>
<!-- Generated by org.testng.reporters.JUnitReportReporter -->
<testsuite hostname="LAPTOP-5M6A98T7" name="pageObjectModel.TestCase01" tests="1" failures="0" timestamp="27 Feb 2019 14:25:08 GMT" time="8.736" errors="0">
  <testcase name="testingApp" time="8.736" classname="pageObjectModel.TestCase01"/>
</testsuite> <!-- pageObjectModel.TestCase01 -->
